<?xml version="1.0" encoding="UTF-8"?>
<testsuite xmlns:xsi="http://www.w3.org/2001/XMLSchema-instance" xsi:noNamespaceSchemaLocation="https://maven.apache.org/surefire/maven-surefire-plugin/xsd/surefire-test-report-3.0.xsd" version="3.0" name="HorseTest" time="0.142" tests="14" errors="0" skipped="0" failures="0">
  <properties>
[...]
</properties>
  <testcase name="getDistance" classname="HorseTest" time="0.002"/>
  <testcase name="speedException" classname="HorseTest" time="0.002"/>
  <testcase name="blankNameException(String)[1]" classname="HorseTest" time="0.033"/>
  <testcase name="blankNameException(String)[2]" classname="HorseTest" time="0.001"/>
  <testcase name="blankNameException(String)[3]" classname="HorseTest" time="0.001"/>
  <testcase name="blankNameException(String)[4]" classname="HorseTest" time="0.001"/>
  <testcase name="blankNameException(String)[5]" classname="HorseTest" time="0.001"/>
  <testcase name="getZeroDistance" classname="HorseTest" time="0.001"/>
  <testcase name="moveTest" classname="HorseTest" time="0.006"/>
  <testcase name="getName" classname="HorseTest" time="0.001"/>
  <testcase name="moveDistanceTest" classname="HorseTest" time="0.006"/>
  <testcase name="nullNameException" classname="HorseTest" time="0.001"/>
  <testcase name="distanceException" classname="HorseTest" time="0.001"/>
  <testcase name="getSpeed" classname="HorseTest" time="0.001"/>
</testsuite>